  Main.cpp
d:\visual studio projects\project\project\main.cpp(33): warning C4305: 'initializing': truncation from 'double' to 'float'
d:\visual studio projects\project\project\main.cpp(75): warning C4244: 'argument': conversion from 'time_t' to 'unsigned int', possible loss of data
d:\visual studio projects\project\project\main.cpp(127): warning C4244: 'initializing': conversion from 'double' to 'int', possible loss of data
d:\visual studio projects\project\project\main.cpp(128): warning C4244: 'initializing': conversion from 'double' to 'int', possible loss of data
d:\visual studio projects\project\project\main.cpp(129): warning C4244: 'initializing': conversion from 'double' to 'int', possible loss of data
d:\visual studio projects\project\project\main.cpp(141): warning C4244: 'argument': conversion from 'int' to 'GLfloat', possible loss of data
d:\visual studio projects\project\project\main.cpp(152): warning C4244: 'argument': conversion from 'int' to 'GLfloat', possible loss of data
d:\visual studio projects\project\project\main.cpp(172): warning C4244: '=': conversion from 'double' to 'float', possible loss of data
d:\visual studio projects\project\project\main.cpp(173): warning C4244: '=': conversion from 'double' to 'float', possible loss of data
d:\visual studio projects\project\project\main.cpp(177): warning C4244: 'argument': conversion from 'double' to 'GLfloat', possible loss of data
d:\visual studio projects\project\project\main.cpp(185): warning C4244: 'argument': conversion from 'double' to 'int', possible loss of data
d:\visual studio projects\project\project\main.cpp(199): warning C4305: 'argument': truncation from 'double' to 'GLfloat'
d:\visual studio projects\project\project\main.cpp(200): warning C4244: 'initializing': conversion from 'double' to 'float', possible loss of data
d:\visual studio projects\project\project\main.cpp(201): warning C4244: 'initializing': conversion from 'double' to 'float', possible loss of data
d:\visual studio projects\project\project\main.cpp(205): warning C4244: 'argument': conversion from 'double' to 'GLfloat', possible loss of data
d:\visual studio projects\project\project\main.cpp(214): warning C4244: 'argument': conversion from 'double' to 'int', possible loss of data
d:\visual studio projects\project\project\main.cpp(228): warning C4305: 'argument': truncation from 'double' to 'GLfloat'
d:\visual studio projects\project\project\main.cpp(229): warning C4244: 'initializing': conversion from 'double' to 'float', possible loss of data
d:\visual studio projects\project\project\main.cpp(230): warning C4244: 'initializing': conversion from 'double' to 'float', possible loss of data
d:\visual studio projects\project\project\main.cpp(234): warning C4244: 'argument': conversion from 'double' to 'GLfloat', possible loss of data
d:\visual studio projects\project\project\main.cpp(243): warning C4244: 'argument': conversion from 'double' to 'int', possible loss of data
d:\visual studio projects\project\project\main.cpp(257): warning C4305: 'argument': truncation from 'double' to 'GLfloat'
d:\visual studio projects\project\project\main.cpp(258): warning C4244: 'initializing': conversion from 'double' to 'float', possible loss of data
d:\visual studio projects\project\project\main.cpp(259): warning C4244: 'initializing': conversion from 'double' to 'float', possible loss of data
d:\visual studio projects\project\project\main.cpp(263): warning C4244: 'argument': conversion from 'double' to 'GLfloat', possible loss of data
d:\visual studio projects\project\project\main.cpp(273): warning C4244: 'argument': conversion from 'double' to 'int', possible loss of data
d:\visual studio projects\project\project\main.cpp(303): warning C4305: 'argument': truncation from 'double' to 'GLfloat'
d:\visual studio projects\project\project\main.cpp(307): warning C4305: 'argument': truncation from 'double' to 'GLfloat'
d:\visual studio projects\project\project\main.cpp(376): warning C4244: 'argument': conversion from 'double' to 'GLfloat', possible loss of data
d:\visual studio projects\project\project\main.cpp(377): warning C4244: 'argument': conversion from 'double' to 'GLfloat', possible loss of data
d:\visual studio projects\project\project\main.cpp(382): warning C4244: 'argument': conversion from 'double' to 'GLfloat', possible loss of data
d:\visual studio projects\project\project\main.cpp(399): warning C4244: '+=': conversion from 'double' to 'float', possible loss of data
d:\visual studio projects\project\project\main.cpp(400): warning C4244: '+=': conversion from 'double' to 'float', possible loss of data
d:\visual studio projects\project\project\main.cpp(478): warning C4244: 'argument': conversion from 'double' to 'int', possible loss of data
d:\visual studio projects\project\project\main.cpp(479): warning C4244: 'argument': conversion from 'double' to 'int', possible loss of data
d:\visual studio projects\project\project\main.cpp(480): warning C4244: 'argument': conversion from 'double' to 'int', possible loss of data
d:\visual studio projects\project\project\main.cpp(481): warning C4244: 'argument': conversion from 'double' to 'int', possible loss of data
d:\visual studio projects\project\project\main.cpp(482): warning C4244: 'argument': conversion from 'double' to 'int', possible loss of data
d:\visual studio projects\project\project\main.cpp(483): warning C4244: 'argument': conversion from 'double' to 'int', possible loss of data
d:\visual studio projects\project\project\main.cpp(484): warning C4244: 'argument': conversion from 'double' to 'int', possible loss of data
d:\visual studio projects\project\project\main.cpp(485): warning C4244: 'argument': conversion from 'double' to 'int', possible loss of data
d:\visual studio projects\project\project\main.cpp(486): warning C4244: 'argument': conversion from 'double' to 'int', possible loss of data
d:\visual studio projects\project\project\main.cpp(496): warning C4244: 'argument': conversion from 'double' to 'int', possible loss of data
d:\visual studio projects\project\project\main.cpp(499): warning C4244: 'argument': conversion from 'double' to 'int', possible loss of data
d:\visual studio projects\project\project\main.cpp(502): warning C4244: 'argument': conversion from 'double' to 'int', possible loss of data
d:\visual studio projects\project\project\main.cpp(503): warning C4244: 'argument': conversion from 'double' to 'int', possible loss of data
d:\visual studio projects\project\project\main.cpp(504): warning C4244: 'argument': conversion from 'double' to 'int', possible loss of data
d:\visual studio projects\project\project\main.cpp(505): warning C4244: 'argument': conversion from 'double' to 'int', possible loss of data
d:\visual studio projects\project\project\main.cpp(506): warning C4244: 'argument': conversion from 'double' to 'int', possible loss of data
d:\visual studio projects\project\project\main.cpp(507): warning C4244: 'argument': conversion from 'double' to 'int', possible loss of data
d:\visual studio projects\project\project\main.cpp(508): warning C4244: 'argument': conversion from 'double' to 'int', possible loss of data
d:\visual studio projects\project\project\main.cpp(509): warning C4244: 'argument': conversion from 'double' to 'int', possible loss of data
  project.vcxproj -> D:\VIsual Studio projects\project\Debug\project.exe
